


ARM Macro Assembler    Page 1 


    1 00000000                 area             reset, data, readonly
    2 00000000                 export           __Vectors
    3 00000000         __Vectors
    4 00000000 10001000        dcd              0x10001000  ; stack pointer val
                                                            ue when stack is em
                                                            pty
    5 00000004 00000000        dcd              Reset_Handler ; reset vector
    6 00000008                 align
    7 00000008                 area             mycode, code, readonly
    8 00000000                 entry
    9 00000000                 export           Reset_Handler
   10 00000000         Reset_Handler
   11 00000000 4C0A            ldr              r4,=result
   12 00000002 F04F 0200       mov              r2,#00
   13 00000006 480A            ldr              r0,=value1
   14 00000008 6801            ldr              r1,[r0]
   15 0000000A 480A            ldr              r0,=value2
   16 0000000C 6803            ldr              r3,[r0]
   17 0000000E         up
   18 0000000E 4299            cmp              r1,r3
   19 00000010 D304            bcc              store
   20 00000012 EBA1 0103       sub              r1,r3
   21 00000016 F102 0201       add              r2,#01
   22 0000001A E7F8            b                up
   23 0000001C         store
   24 0000001C F844 2B04       str              r2,[r4],#4
   25 00000020 6021            str              r1,[r4]
   26 00000022         stop
   27 00000022 E7FE            b                stop
   28 00000024 00000042 
                       value1  dcd              66
   29 00000028 0000000B 
                       value2  dcd              11
   30 0000002C 00000000 
              00000000 
              00000000         area             mydata, data, readwrite
   31 00000000 00000000 
                       result  dcd              0
   32 00000004                 end
Command Line: --debug --xref --cpu=Cortex-M3 --apcs=interwork --depend=.\ex1.d 
-o.\ex1.o -IC:\Keil\ARM\RV31\INC -IC:\Keil\ARM\CMSIS\Include -IC:\Keil\ARM\Inc\
NXP\LPC17xx --predefine="__EVAL SETA 1" --list=.\ex1.lst ex1.s



ARM Macro Assembler    Page 1 Alphabetic symbol ordering
Relocatable symbols

__Vectors 00000000

Symbol: __Vectors
   Definitions
      At line 3 in file ex1.s
   Uses
      At line 2 in file ex1.s
Comment: __Vectors used once
reset 00000000

Symbol: reset
   Definitions
      At line 1 in file ex1.s
   Uses
      None
Comment: reset unused
2 symbols



ARM Macro Assembler    Page 1 Alphabetic symbol ordering
Relocatable symbols

Reset_Handler 00000000

Symbol: Reset_Handler
   Definitions
      At line 10 in file ex1.s
   Uses
      At line 5 in file ex1.s
      At line 9 in file ex1.s

mycode 00000000

Symbol: mycode
   Definitions
      At line 7 in file ex1.s
   Uses
      None
Comment: mycode unused
stop 00000022

Symbol: stop
   Definitions
      At line 26 in file ex1.s
   Uses
      At line 27 in file ex1.s
Comment: stop used once
store 0000001C

Symbol: store
   Definitions
      At line 23 in file ex1.s
   Uses
      At line 19 in file ex1.s
Comment: store used once
up 0000000E

Symbol: up
   Definitions
      At line 17 in file ex1.s
   Uses
      At line 22 in file ex1.s
Comment: up used once
value1 00000024

Symbol: value1
   Definitions
      At line 28 in file ex1.s
   Uses
      At line 13 in file ex1.s
Comment: value1 used once
value2 00000028

Symbol: value2
   Definitions
      At line 29 in file ex1.s
   Uses
      At line 15 in file ex1.s
Comment: value2 used once
7 symbols



ARM Macro Assembler    Page 1 Alphabetic symbol ordering
Relocatable symbols

mydata 00000000

Symbol: mydata
   Definitions
      At line 30 in file ex1.s
   Uses
      None
Comment: mydata unused
result 00000000

Symbol: result
   Definitions
      At line 31 in file ex1.s
   Uses
      At line 11 in file ex1.s
Comment: result used once
2 symbols
344 symbols in table
