


ARM Macro Assembler    Page 1 


    1 00000000                 area             reset, data, readonly
    2 00000000                 export           __Vectors
    3 00000000         __Vectors
    4 00000000 10001000        dcd              0x10001000  ; stack pointer val
                                                            ue when stack is em
                                                            pty
    5 00000004 00000000        dcd              Reset_Handler ; reset vector
    6 00000008                 align
    7 00000008                 area             mycode, code, readonly
    8 00000000                 entry
    9 00000000                 export           Reset_Handler
   10 00000000         Reset_Handler
   11 00000000 4806            ldr              r0,=src
   12 00000002 4907            ldr              r1,=dst
   13 00000004 6803            ldr              r3,[r0]
   14 00000006 F04F 0200       mov              r2,#0
   15 0000000A FB03 3203       mla              r2,r3,r3,r3
   16 0000000E EA4F 0252       lsr              r2,#1
   17 00000012 600A            str              r2,[r1]
   18 00000014         stop
   19 00000014 E7FE            b                stop
   20 00000016 00 00 00000005 
                       src     dcd              5
   21 0000001C 00000000 
              00000000         area             mydata, data, readwrite
   22 00000000 00000000 
                       dst     dcd              0
   23 00000004                 end
Command Line: --debug --xref --cpu=Cortex-M3 --apcs=interwork --depend=.\ex2.d 
-o.\ex2.o -IC:\Keil\ARM\RV31\INC -IC:\Keil\ARM\CMSIS\Include -IC:\Keil\ARM\Inc\
NXP\LPC17xx --predefine="__EVAL SETA 1" --list=.\ex2.lst ex2.s



ARM Macro Assembler    Page 1 Alphabetic symbol ordering
Relocatable symbols

__Vectors 00000000

Symbol: __Vectors
   Definitions
      At line 3 in file ex2.s
   Uses
      At line 2 in file ex2.s
Comment: __Vectors used once
reset 00000000

Symbol: reset
   Definitions
      At line 1 in file ex2.s
   Uses
      None
Comment: reset unused
2 symbols



ARM Macro Assembler    Page 1 Alphabetic symbol ordering
Relocatable symbols

Reset_Handler 00000000

Symbol: Reset_Handler
   Definitions
      At line 10 in file ex2.s
   Uses
      At line 5 in file ex2.s
      At line 9 in file ex2.s

mycode 00000000

Symbol: mycode
   Definitions
      At line 7 in file ex2.s
   Uses
      None
Comment: mycode unused
src 00000018

Symbol: src
   Definitions
      At line 20 in file ex2.s
   Uses
      At line 11 in file ex2.s
Comment: src used once
stop 00000014

Symbol: stop
   Definitions
      At line 18 in file ex2.s
   Uses
      At line 19 in file ex2.s
Comment: stop used once
4 symbols



ARM Macro Assembler    Page 1 Alphabetic symbol ordering
Relocatable symbols

dst 00000000

Symbol: dst
   Definitions
      At line 22 in file ex2.s
   Uses
      At line 12 in file ex2.s
Comment: dst used once
mydata 00000000

Symbol: mydata
   Definitions
      At line 21 in file ex2.s
   Uses
      None
Comment: mydata unused
2 symbols
341 symbols in table
