


ARM Macro Assembler    Page 1 


    1 00000000                 area             reset, data, readonly
    2 00000000                 export           __Vectors
    3 00000000         __Vectors
    4 00000000 10001000        dcd              0x10001000  ; stack pointer val
                                                            ue when stack is em
                                                            pty
    5 00000004 00000000        dcd              Reset_Handler ; reset vector
    6 00000008                 align
    7 00000008                 area             mycode, code, readonly
    8 00000000                 entry
    9 00000000                 export           Reset_Handler
   10 00000000         Reset_Handler
   11 00000000 F04F 050A       mov              r5,#10
   12 00000004 480D            ldr              r0,=num
   13 00000006 4B0E            ldr              r3,=result
   14 00000008 F810 1B01       ldrb             r1,[r0],#1
   15 0000000C F001 02F0       and              r2,r1,#0xf0
   16 00000010 EA4F 1212       lsr              r2,#4
   17 00000014 42AA            cmp              r2,r5
   18 00000016 D301            bcc              next1
   19 00000018 F102 0207       add              r2,#7
   20 0000001C         next1
   21 0000001C F102 0230       add              r2,#0x30
   22 00000020 F803 2B01       strb             r2,[r3],#1
   23 00000024 F001 040F       and              r4,r1,#0x0f
   24 00000028 42AC            cmp              r4,r5
   25 0000002A D301            bcc              next2
   26 0000002C F104 0407       add              r4,#7
   27 00000030         next2
   28 00000030 F104 0430       add              r4,#0x30
   29 00000034 F803 4B01       strb             r4,[r3],#1
   30 00000038         
   31 00000038         
   32 00000038         stop
   33 00000038 E7FE            b                stop
   34 0000003A A0      num     dcb              0xA0
   35 0000003B 00 00000000 
              00000000         area             mydata, data, readwrite
   36 00000000 00      result  dcb              00
   37 00000001                 end
Command Line: --debug --xref --cpu=Cortex-M3 --apcs=interwork --depend=.\ex4.d 
-o.\ex4.o -IC:\Keil\ARM\RV31\INC -IC:\Keil\ARM\CMSIS\Include -IC:\Keil\ARM\Inc\
NXP\LPC17xx --predefine="__EVAL SETA 1" --list=.\ex4.lst ex4.s



ARM Macro Assembler    Page 1 Alphabetic symbol ordering
Relocatable symbols

__Vectors 00000000

Symbol: __Vectors
   Definitions
      At line 3 in file ex4.s
   Uses
      At line 2 in file ex4.s
Comment: __Vectors used once
reset 00000000

Symbol: reset
   Definitions
      At line 1 in file ex4.s
   Uses
      None
Comment: reset unused
2 symbols



ARM Macro Assembler    Page 1 Alphabetic symbol ordering
Relocatable symbols

Reset_Handler 00000000

Symbol: Reset_Handler
   Definitions
      At line 10 in file ex4.s
   Uses
      At line 5 in file ex4.s
      At line 9 in file ex4.s

mycode 00000000

Symbol: mycode
   Definitions
      At line 7 in file ex4.s
   Uses
      None
Comment: mycode unused
next1 0000001C

Symbol: next1
   Definitions
      At line 20 in file ex4.s
   Uses
      At line 18 in file ex4.s
Comment: next1 used once
next2 00000030

Symbol: next2
   Definitions
      At line 27 in file ex4.s
   Uses
      At line 25 in file ex4.s
Comment: next2 used once
num 0000003A

Symbol: num
   Definitions
      At line 34 in file ex4.s
   Uses
      At line 12 in file ex4.s
Comment: num used once
stop 00000038

Symbol: stop
   Definitions
      At line 32 in file ex4.s
   Uses
      At line 33 in file ex4.s
Comment: stop used once
6 symbols



ARM Macro Assembler    Page 1 Alphabetic symbol ordering
Relocatable symbols

mydata 00000000

Symbol: mydata
   Definitions
      At line 35 in file ex4.s
   Uses
      None
Comment: mydata unused
result 00000000

Symbol: result
   Definitions
      At line 36 in file ex4.s
   Uses
      At line 13 in file ex4.s
Comment: result used once
2 symbols
343 symbols in table
