


ARM Macro Assembler    Page 1 


    1 00000000                 area             reset, data, readonly
    2 00000000                 export           __Vectors
    3 00000000         __Vectors
    4 00000000 10001000        dcd              0x10001000  ; stack pointer val
                                                            ue when stack is em
                                                            pty
    5 00000004 00000000        dcd              Reset_Handler ; reset vector
    6 00000008                 align
    7 00000008                 area             mycode, code, readonly
    8 00000000                 entry
    9 00000000                 export           Reset_Handler
   10 00000000         Reset_Handler
   11 00000000 480D            ldr              r0,=n1
   12 00000002 F8DF A038       ldr              r10,=dst
   13 00000006 6801            ldr              r1,[r0]
   14 00000008 F04F 020A       mov              r2,#0xa
   15 0000000C F04F 0300       mov              r3,#0
   16 00000010 F04F 0401       mov              r4,#1
   17 00000014 F04F 050F       mov              r5,#0xf
   18 00000018 460E    up      mov              r6,r1
   19 0000001A EA06 0605       and              r6,r5
   20 0000001E FB06 3304       mla              r3,r6,r4,r3
   21 00000022 FB04 F402       mul              r4,r2
   22 00000026 EA4F 1111       lsr              r1,#4
   23 0000002A 2900            cmp              r1,#0
   24 0000002C D1F4            bne              up
   25 0000002E F8CA 3000       str              r3,[r10]
   26 00000032         
   27 00000032         stop
   28 00000032 E7FE            b                stop
   29 00000034 0000000F 
                       n1      dcd              15
   30 00000038 00000000 
              00000000         area             mydata, data, readwrite
   31 00000000 00000000 
                       dst     dcd              0           ;dst location in da
                                                            ta memory
   32 00000004                 end
Command Line: --debug --xref --cpu=Cortex-M3 --apcs=interwork --depend=.\ex1.d 
-o.\ex1.o -IC:\Keil\ARM\RV31\INC -IC:\Keil\ARM\CMSIS\Include -IC:\Keil\ARM\Inc\
NXP\LPC17xx --predefine="__EVAL SETA 1" --list=.\ex1.lst ex1.s



ARM Macro Assembler    Page 1 Alphabetic symbol ordering
Relocatable symbols

__Vectors 00000000

Symbol: __Vectors
   Definitions
      At line 3 in file ex1.s
   Uses
      At line 2 in file ex1.s
Comment: __Vectors used once
reset 00000000

Symbol: reset
   Definitions
      At line 1 in file ex1.s
   Uses
      None
Comment: reset unused
2 symbols



ARM Macro Assembler    Page 1 Alphabetic symbol ordering
Relocatable symbols

Reset_Handler 00000000

Symbol: Reset_Handler
   Definitions
      At line 10 in file ex1.s
   Uses
      At line 5 in file ex1.s
      At line 9 in file ex1.s

mycode 00000000

Symbol: mycode
   Definitions
      At line 7 in file ex1.s
   Uses
      None
Comment: mycode unused
n1 00000034

Symbol: n1
   Definitions
      At line 29 in file ex1.s
   Uses
      At line 11 in file ex1.s
Comment: n1 used once
stop 00000032

Symbol: stop
   Definitions
      At line 27 in file ex1.s
   Uses
      At line 28 in file ex1.s
Comment: stop used once
up 00000018

Symbol: up
   Definitions
      At line 18 in file ex1.s
   Uses
      At line 24 in file ex1.s
Comment: up used once
5 symbols



ARM Macro Assembler    Page 1 Alphabetic symbol ordering
Relocatable symbols

dst 00000000

Symbol: dst
   Definitions
      At line 31 in file ex1.s
   Uses
      At line 12 in file ex1.s
Comment: dst used once
mydata 00000000

Symbol: mydata
   Definitions
      At line 30 in file ex1.s
   Uses
      None
Comment: mydata unused
2 symbols
342 symbols in table
