


ARM Macro Assembler    Page 1 


    1 00000000                 area             reset, data, readonly
    2 00000000                 export           __Vectors
    3 00000000         __Vectors
    4 00000000 10001000        dcd              0x10001000  ; stack pointer val
                                                            ue when stack is em
                                                            pty
    5 00000004 00000000        dcd              Reset_Handler ; reset vector
    6 00000008                 align
    7 00000008                 area             mycode, code, readonly
    8 00000000                 entry
    9 00000000                 export           Reset_Handler
   10 00000000         Reset_Handler
   11 00000000 4813            ldr              r0,=result
   12 00000002 4914            ldr              r1,=value
   13 00000004 F04F 0200       mov              r2,#0
   14 00000008 680B            ldr              r3,[r1]
   15 0000000A         up
   16 0000000A 2B0A            cmp              r3,#0xa
   17 0000000C D304            bcc              store
   18 0000000E F1A3 030A       sub              r3,#0xa
   19 00000012 F102 0201       add              r2,#1
   20 00000016 E7F8            b                up
   21 00000018         store
   22 00000018 F800 3B01       strb             r3,[r0],#1
   23 0000001C 4613            mov              r3,r2
   24 0000001E 2B0A            cmp              r3,#0xa
   25 00000020 D2F3            bcs              up
   26 00000022 F800 3B01       strb             r3,[r0],#1
   27 00000026 4604            mov              r4,r0
   28 00000028 4A0B            ldr              r2,=packed
   29 0000002A 4809            ldr              r0,=result
   30 0000002C EBA4 0500       sub              r5,r4,r0
   31 00000030 F810 1B01 
                       up1     ldrb             r1,[r0],#1
   32 00000034 F810 3B01       ldrb             r3,[r0],#1
   33 00000038 EA4F 1303       lsl              r3,#4
   34 0000003C EA43 0301       orr              r3,r1
   35 00000040 F802 3B01       strb             r3,[r2],#1
   36 00000044 F1A5 0502       sub              r5,#2
   37 00000048 2D01            cmp              r5,#1
   38 0000004A DAF1            bge              up1
   39 0000004C         stop
   40 0000004C E7FE            b                stop
   41 0000004E         
   42 0000004E 10 00   value   dcw              0x10
   43 00000050 00000000 
              00000000 
              00000000 
              00000000         area             mydata, data, readwrite
   44 00000000 00000000 
              00000000 
              00000000 
              00000000 
              00000000 result  dcd              0,0,0,0,0
   45 00000014 00000000 
                       packed  dcd              0
   46 00000018                 end
Command Line: --debug --xref --cpu=Cortex-M3 --apcs=interwork --depend=.\ex2.d 
-o.\ex2.o -IC:\Keil\ARM\RV31\INC -IC:\Keil\ARM\CMSIS\Include -IC:\Keil\ARM\Inc\



ARM Macro Assembler    Page 2 


NXP\LPC17xx --predefine="__EVAL SETA 1" --list=.\ex2.lst ex2.s



ARM Macro Assembler    Page 1 Alphabetic symbol ordering
Relocatable symbols

__Vectors 00000000

Symbol: __Vectors
   Definitions
      At line 3 in file ex2.s
   Uses
      At line 2 in file ex2.s
Comment: __Vectors used once
reset 00000000

Symbol: reset
   Definitions
      At line 1 in file ex2.s
   Uses
      None
Comment: reset unused
2 symbols



ARM Macro Assembler    Page 1 Alphabetic symbol ordering
Relocatable symbols

Reset_Handler 00000000

Symbol: Reset_Handler
   Definitions
      At line 10 in file ex2.s
   Uses
      At line 5 in file ex2.s
      At line 9 in file ex2.s

mycode 00000000

Symbol: mycode
   Definitions
      At line 7 in file ex2.s
   Uses
      None
Comment: mycode unused
stop 0000004C

Symbol: stop
   Definitions
      At line 39 in file ex2.s
   Uses
      At line 40 in file ex2.s
Comment: stop used once
store 00000018

Symbol: store
   Definitions
      At line 21 in file ex2.s
   Uses
      At line 17 in file ex2.s
Comment: store used once
up 0000000A

Symbol: up
   Definitions
      At line 15 in file ex2.s
   Uses
      At line 20 in file ex2.s
      At line 25 in file ex2.s

up1 00000030

Symbol: up1
   Definitions
      At line 31 in file ex2.s
   Uses
      At line 38 in file ex2.s
Comment: up1 used once
value 0000004E

Symbol: value
   Definitions
      At line 42 in file ex2.s
   Uses
      At line 12 in file ex2.s
Comment: value used once
7 symbols



ARM Macro Assembler    Page 1 Alphabetic symbol ordering
Relocatable symbols

mydata 00000000

Symbol: mydata
   Definitions
      At line 43 in file ex2.s
   Uses
      None
Comment: mydata unused
packed 00000014

Symbol: packed
   Definitions
      At line 45 in file ex2.s
   Uses
      At line 28 in file ex2.s
Comment: packed used once
result 00000000

Symbol: result
   Definitions
      At line 44 in file ex2.s
   Uses
      At line 11 in file ex2.s
      At line 29 in file ex2.s

3 symbols
345 symbols in table
