


ARM Macro Assembler    Page 1 


    1 00000000                 area             reset, data, readonly
    2 00000000                 export           __Vectors
    3 00000000         __Vectors
    4 00000000 10001000        dcd              0x10001000  ; stack pointer val
                                                            ue when stack is em
                                                            pty
    5 00000004 00000000        dcd              Reset_Handler ; reset vector
    6 00000008                 align
    7 00000008                 area             mycode, code, readonly
    8 00000000                 entry
    9 00000000                 export           Reset_Handler
   10 00000000         Reset_Handler
   11 00000000 481F            ldr              r0,=n1
   12 00000002 6802            ldr              r2,[r0]
   13 00000004 481F            ldr              r0,=n2
   14 00000006 6803            ldr              r3,[r0]
   15 00000008 481F            ldr              r0,=sum
   16 0000000A F04F 0600       mov              r6,#0
   17 0000000E         up
   18 0000000E 4617            mov              r7,r2
   19 00000010 4698            mov              r8,r3
   20 00000012 F007 070F       and              r7,#0xf
   21 00000016 4437            add              r7,r6
   22 00000018 F04F 0600       mov              r6,#0
   23 0000001C F008 080F       and              r8,#0xf
   24 00000020 F000 F81E       bl               addn
   25 00000024 EA4F 1313       lsr              r3,#4
   26 00000028 EA4F 1212       lsr              r2,#4
   27 0000002C 2A00            cmp              r2,#0
   28 0000002E D000            beq              down
   29 00000030 E7ED            b                up
   30 00000032         down
   31 00000032 2B00            cmp              r3,#0
   32 00000034 D000            beq              st
   33 00000036 E7EA            b                up
   34 00000038         st
   35 00000038 4913            ldr              r1,=sum
   36 0000003A 4D14            ldr              r5,=pack
   37 0000003C EBA0 0401       sub              r4,r0,r1
   38 00000040         up1
   39 00000040 F811 9B01       ldrb             r9,[r1],#1
   40 00000044 F811 AB01       ldrb             r10,[r1],#1
   41 00000048 EA4F 1A0A       lsl              r10,#4
   42 0000004C EA4A 0A09       orr              r10,r9
   43 00000050 F805 AB01       strb             r10,[r5],#1
   44 00000054 F1A4 0402       sub              r4,#2
   45 00000058 2C01            cmp              r4,#1
   46 0000005A DAF1            bge              up1
   47 0000005C 702E            strb             r6,[r5]
   48 0000005E         stop
   49 0000005E E7FE            b                stop
   50 00000060         addn
   51 00000060 EB17 0708       adds             r7,r8
   52 00000064 2F0A            cmp              r7,#0xa
   53 00000066 D303            bcc              store
   54 00000068 F1A7 070A       sub              r7,#0xa
   55 0000006C F106 0601       add              r6,#01
   56 00000070         store
   57 00000070 F800 7B01       strb             r7,[r0],#1



ARM Macro Assembler    Page 2 


   58 00000074 4770            bx               lr
   59 00000076 00 00 00000005 
                       n1      dcd              0x5
   60 0000007C 00000015 
                       n2      dcd              0x15
   61 00000080 00000000 
              00000000 
              00000000 
              00000000 
              00000000         area             mydata, data, readwrite
   62 00000000 00000000 
              00000000 
              00000000 
              00000000 
              00000000 sum     dcd              0,0,0,0,0
   63 00000014 00000000 
                       pack    dcd              0
   64 00000018                 end
Command Line: --debug --xref --cpu=Cortex-M3 --apcs=interwork --depend=.\ex3.d 
-o.\ex3.o -IC:\Keil\ARM\RV31\INC -IC:\Keil\ARM\CMSIS\Include -IC:\Keil\ARM\Inc\
NXP\LPC17xx --predefine="__EVAL SETA 1" --list=.\ex3.lst ex3.s



ARM Macro Assembler    Page 1 Alphabetic symbol ordering
Relocatable symbols

__Vectors 00000000

Symbol: __Vectors
   Definitions
      At line 3 in file ex3.s
   Uses
      At line 2 in file ex3.s
Comment: __Vectors used once
reset 00000000

Symbol: reset
   Definitions
      At line 1 in file ex3.s
   Uses
      None
Comment: reset unused
2 symbols



ARM Macro Assembler    Page 1 Alphabetic symbol ordering
Relocatable symbols

Reset_Handler 00000000

Symbol: Reset_Handler
   Definitions
      At line 10 in file ex3.s
   Uses
      At line 5 in file ex3.s
      At line 9 in file ex3.s

addn 00000060

Symbol: addn
   Definitions
      At line 50 in file ex3.s
   Uses
      At line 24 in file ex3.s
Comment: addn used once
down 00000032

Symbol: down
   Definitions
      At line 30 in file ex3.s
   Uses
      At line 28 in file ex3.s
Comment: down used once
mycode 00000000

Symbol: mycode
   Definitions
      At line 7 in file ex3.s
   Uses
      None
Comment: mycode unused
n1 00000078

Symbol: n1
   Definitions
      At line 59 in file ex3.s
   Uses
      At line 11 in file ex3.s
Comment: n1 used once
n2 0000007C

Symbol: n2
   Definitions
      At line 60 in file ex3.s
   Uses
      At line 13 in file ex3.s
Comment: n2 used once
st 00000038

Symbol: st
   Definitions
      At line 34 in file ex3.s
   Uses
      At line 32 in file ex3.s
Comment: st used once
stop 0000005E




ARM Macro Assembler    Page 2 Alphabetic symbol ordering
Relocatable symbols

Symbol: stop
   Definitions
      At line 48 in file ex3.s
   Uses
      At line 49 in file ex3.s
Comment: stop used once
store 00000070

Symbol: store
   Definitions
      At line 56 in file ex3.s
   Uses
      At line 53 in file ex3.s
Comment: store used once
up 0000000E

Symbol: up
   Definitions
      At line 17 in file ex3.s
   Uses
      At line 29 in file ex3.s
      At line 33 in file ex3.s

up1 00000040

Symbol: up1
   Definitions
      At line 38 in file ex3.s
   Uses
      At line 46 in file ex3.s
Comment: up1 used once
11 symbols



ARM Macro Assembler    Page 1 Alphabetic symbol ordering
Relocatable symbols

mydata 00000000

Symbol: mydata
   Definitions
      At line 61 in file ex3.s
   Uses
      None
Comment: mydata unused
pack 00000014

Symbol: pack
   Definitions
      At line 63 in file ex3.s
   Uses
      At line 36 in file ex3.s
Comment: pack used once
sum 00000000

Symbol: sum
   Definitions
      At line 62 in file ex3.s
   Uses
      At line 15 in file ex3.s
      At line 35 in file ex3.s

3 symbols
349 symbols in table
