


ARM Macro Assembler    Page 1 


    1 00000000                 area             reset, data, readonly
    2 00000000                 export           __Vectors
    3 00000000         __Vectors
    4 00000000 10001000        dcd              0x10001000  ; stack pointer val
                                                            ue when stack is em
                                                            pty
    5 00000004 00000000        dcd              Reset_Handler ; reset vector
    6 00000008                 align
    7 00000008                 area             mycode, code, readonly
    8 00000000 00000001 
              00000002 
              00000003 
              00000004 
              00000005 
              00000006 
              00000007 
              00000008 
              00000009 
              0000000A src     dcd              1,2,3,4,5,6,7,8,9,10
    9 00000028                 entry
   10 00000028                 export           Reset_Handler
   11 00000028         Reset_Handler
   12 00000028 F04F 000A       mov              r0,#10
   13 0000002C 4905            ldr              r1,=dst
   14 0000002E 4A06            ldr              r2,=src
   15 00000030 F04F 0400       mov              r4,#0
   16 00000034         loop
   17 00000034 F852 3B04       ldr              r3,[r2],#4
   18 00000038 441C            add              r4,r3
   19 0000003A 3801            subs             r0,#1
   20 0000003C D1FA            bne              loop
   21 0000003E 600C            str              r4,[r1]
   22 00000040         stop
   23 00000040 E7FE            b                stop
   24 00000042 00 00 00000000 
              00000000         area             mydata, data, readwrite
   25 00000000 00000000 
                       dst     dcd              0           ;dst location in da
                                                            ta memory
   26 00000004                 end
Command Line: --debug --xref --cpu=Cortex-M3 --apcs=interwork --depend=.\ex1.d 
-o.\ex1.o -IC:\Keil\ARM\RV31\INC -IC:\Keil\ARM\CMSIS\Include -IC:\Keil\ARM\Inc\
NXP\LPC17xx --predefine="__EVAL SETA 1" --list=.\ex1.lst ex1.s



ARM Macro Assembler    Page 1 Alphabetic symbol ordering
Relocatable symbols

__Vectors 00000000

Symbol: __Vectors
   Definitions
      At line 3 in file ex1.s
   Uses
      At line 2 in file ex1.s
Comment: __Vectors used once
reset 00000000

Symbol: reset
   Definitions
      At line 1 in file ex1.s
   Uses
      None
Comment: reset unused
2 symbols



ARM Macro Assembler    Page 1 Alphabetic symbol ordering
Relocatable symbols

Reset_Handler 00000028

Symbol: Reset_Handler
   Definitions
      At line 11 in file ex1.s
   Uses
      At line 5 in file ex1.s
      At line 10 in file ex1.s

loop 00000034

Symbol: loop
   Definitions
      At line 16 in file ex1.s
   Uses
      At line 20 in file ex1.s
Comment: loop used once
mycode 00000000

Symbol: mycode
   Definitions
      At line 7 in file ex1.s
   Uses
      None
Comment: mycode unused
src 00000000

Symbol: src
   Definitions
      At line 8 in file ex1.s
   Uses
      At line 14 in file ex1.s
Comment: src used once
stop 00000040

Symbol: stop
   Definitions
      At line 22 in file ex1.s
   Uses
      At line 23 in file ex1.s
Comment: stop used once
5 symbols



ARM Macro Assembler    Page 1 Alphabetic symbol ordering
Relocatable symbols

dst 00000000

Symbol: dst
   Definitions
      At line 25 in file ex1.s
   Uses
      At line 13 in file ex1.s
Comment: dst used once
mydata 00000000

Symbol: mydata
   Definitions
      At line 24 in file ex1.s
   Uses
      None
Comment: mydata unused
2 symbols
342 symbols in table
