


ARM Macro Assembler    Page 1 


    1 00000000                 area             reset, data, readonly
    2 00000000                 export           __Vectors
    3 00000000         __Vectors
    4 00000000 10001000        dcd              0x10001000  ; stack pointer val
                                                            ue when stack is em
                                                            pty
    5 00000004 00000000        dcd              Reset_Handler ; reset vector
    6 00000008                 align
    7 00000008                 area             mycode, code, readonly
    8 00000000 00000001 
              00000002 
              00000003 
              00000003 n1      dcd              1,2,3,3
    9 00000010 00000001 
              00000002 
              00000003 
              00000004 n2      dcd              1,2,3,4
   10 00000020                 entry
   11 00000020                 export           Reset_Handler
   12 00000020         Reset_Handler
   13 00000020 F04F 0004       mov              r0,#4
   14 00000024 490C            ldr              r1,=n1
   15 00000026 4A0D            ldr              r2,=n2
   16 00000028 680B            ldr              r3,[r1]
   17 0000002A 6814            ldr              r4,[r2]
   18 0000002C F04F 0500       mov              r5,#0
   19 00000030 4E0B            ldr              r6,=dst
   20 00000032         loop
   21 00000032 195B            adds             r3,r5
   22 00000034 F04F 0500       mov              r5,#0
   23 00000038 F145 0500       adc              r5,#0
   24 0000003C 191B            adds             r3,r4
   25 0000003E F145 0500       adc              r5,#0
   26 00000042 F846 3B04       str              r3,[r6],#4
   27 00000046 F851 3F04       ldr              r3,[r1,#4]!
   28 0000004A F852 4F04       ldr              r4,[r2,#4]!
   29 0000004E 3801            subs             r0,#1
   30 00000050 D1EF            bne              loop
   31 00000052 6035            str              r5,[r6]
   32 00000054         stop
   33 00000054 E7FE            b                stop
   34 00000056 00 00 00000000 
              00000000 
              00000000         area             mydata, data, readwrite
   35 00000000 00000000 
                       dst     dcd              0           ;dst location in da
                                                            ta memory
   36 00000004                 end
Command Line: --debug --xref --cpu=Cortex-M3 --apcs=interwork --depend=.\ex2.d 
-o.\ex2.o -IC:\Keil\ARM\RV31\INC -IC:\Keil\ARM\CMSIS\Include -IC:\Keil\ARM\Inc\
NXP\LPC17xx --predefine="__EVAL SETA 1" --list=.\ex2.lst ex2.s



ARM Macro Assembler    Page 1 Alphabetic symbol ordering
Relocatable symbols

__Vectors 00000000

Symbol: __Vectors
   Definitions
      At line 3 in file ex2.s
   Uses
      At line 2 in file ex2.s
Comment: __Vectors used once
reset 00000000

Symbol: reset
   Definitions
      At line 1 in file ex2.s
   Uses
      None
Comment: reset unused
2 symbols



ARM Macro Assembler    Page 1 Alphabetic symbol ordering
Relocatable symbols

Reset_Handler 00000020

Symbol: Reset_Handler
   Definitions
      At line 12 in file ex2.s
   Uses
      At line 5 in file ex2.s
      At line 11 in file ex2.s

loop 00000032

Symbol: loop
   Definitions
      At line 20 in file ex2.s
   Uses
      At line 30 in file ex2.s
Comment: loop used once
mycode 00000000

Symbol: mycode
   Definitions
      At line 7 in file ex2.s
   Uses
      None
Comment: mycode unused
n1 00000000

Symbol: n1
   Definitions
      At line 8 in file ex2.s
   Uses
      At line 14 in file ex2.s
Comment: n1 used once
n2 00000010

Symbol: n2
   Definitions
      At line 9 in file ex2.s
   Uses
      At line 15 in file ex2.s
Comment: n2 used once
stop 00000054

Symbol: stop
   Definitions
      At line 32 in file ex2.s
   Uses
      At line 33 in file ex2.s
Comment: stop used once
6 symbols



ARM Macro Assembler    Page 1 Alphabetic symbol ordering
Relocatable symbols

dst 00000000

Symbol: dst
   Definitions
      At line 35 in file ex2.s
   Uses
      At line 19 in file ex2.s
Comment: dst used once
mydata 00000000

Symbol: mydata
   Definitions
      At line 34 in file ex2.s
   Uses
      None
Comment: mydata unused
2 symbols
343 symbols in table
