


ARM Macro Assembler    Page 1 


    1 00000000                 area             reset, data, readonly
    2 00000000                 export           __Vectors
    3 00000000         __Vectors
    4 00000000 10001000        dcd              0x10001000  ; stack pointer val
                                                            ue when stack is em
                                                            pty
    5 00000004 00000000        dcd              Reset_Handler ; reset vector
    6 00000008                 align
    7 00000008                 area             mycode, code, readonly
    8 00000000                 entry
    9 00000000                 export           Reset_Handler
   10 00000000         Reset_Handler
   11 00000000 481E            ldr              r0,=n1
   12 00000002 491F            ldr              r1,=n2
   13 00000004 4C1F            ldr              r4,=dst
   14 00000006 F04F 0504       mov              r5,#4
   15 0000000A F04F 36FF       ldr              r6,=0xffffffff
   16 0000000E F386 8803       msr              xpsr,r6
   17 00000012 F04F 0800       mov              r8,#0
   18 00000016 F850 2B04       ldr              r2,[r0],#4
   19 0000001A F851 3B04       ldr              r3,[r1],#4
   20 0000001E         up
   21 0000001E EB72 0703       sbcs             r7,r2,r3
   22 00000022 F148 0800       adc              r8,#0
   23 00000026 F844 7B04       str              r7,[r4],#4
   24 0000002A F850 2B04       ldr              r2,[r0],#4
   25 0000002E F851 3B04       ldr              r3,[r1],#4
   26 00000032 F1B8 0F00       cmp              r8,#0
   27 00000036 D008            beq              reset1
   28 00000038 3D01            subs             r5,#1
   29 0000003A F3EF 8903       mrs              r9,xpsr
   30 0000003E F049 5900       orr              r9,#0x20000000
   31 00000042 F389 8803       msr              xpsr,r9
   32 00000046 D1EA            bne              up
   33 00000048 E007            b                stop
   34 0000004A         reset1
   35 0000004A 3D01            subs             r5,#1
   36 0000004C F3EF 8903       mrs              r9,xpsr
   37 00000050 F029 5900       and              r9,#0xdfffffff
   38 00000054 F389 8803       msr              xpsr,r9
   39 00000058 D1E1            bne              up
   40 0000005A         
   41 0000005A         stop
   42 0000005A E7FE            b                stop
   43 0000005C 00000009 
              00000008 
              00000009 
              00000007 n1      dcd              9,8,9,7
   44 0000006C 00000001 
              00000004 
              00000005 
              00000006 n2      dcd              1,4,5,6
   45 0000007C 00000000 
              00000000 
              00000000         area             mydata, data, readwrite
   46 00000000 00000000 
                       dst     dcd              0           ;dst location in da
                                                            ta memory
   47 00000004                 end



ARM Macro Assembler    Page 2 


Command Line: --debug --xref --cpu=Cortex-M3 --apcs=interwork --depend=.\ex4.d 
-o.\ex4.o -IC:\Keil\ARM\RV31\INC -IC:\Keil\ARM\CMSIS\Include -IC:\Keil\ARM\Inc\
NXP\LPC17xx --predefine="__EVAL SETA 1" --list=.\ex4.lst ex4.s



ARM Macro Assembler    Page 1 Alphabetic symbol ordering
Relocatable symbols

__Vectors 00000000

Symbol: __Vectors
   Definitions
      At line 3 in file ex4.s
   Uses
      At line 2 in file ex4.s
Comment: __Vectors used once
reset 00000000

Symbol: reset
   Definitions
      At line 1 in file ex4.s
   Uses
      None
Comment: reset unused
2 symbols



ARM Macro Assembler    Page 1 Alphabetic symbol ordering
Relocatable symbols

Reset_Handler 00000000

Symbol: Reset_Handler
   Definitions
      At line 10 in file ex4.s
   Uses
      At line 5 in file ex4.s
      At line 9 in file ex4.s

mycode 00000000

Symbol: mycode
   Definitions
      At line 7 in file ex4.s
   Uses
      None
Comment: mycode unused
n1 0000005C

Symbol: n1
   Definitions
      At line 43 in file ex4.s
   Uses
      At line 11 in file ex4.s
Comment: n1 used once
n2 0000006C

Symbol: n2
   Definitions
      At line 44 in file ex4.s
   Uses
      At line 12 in file ex4.s
Comment: n2 used once
reset1 0000004A

Symbol: reset1
   Definitions
      At line 34 in file ex4.s
   Uses
      At line 27 in file ex4.s
Comment: reset1 used once
stop 0000005A

Symbol: stop
   Definitions
      At line 41 in file ex4.s
   Uses
      At line 33 in file ex4.s
      At line 42 in file ex4.s

up 0000001E

Symbol: up
   Definitions
      At line 20 in file ex4.s
   Uses
      At line 32 in file ex4.s
      At line 39 in file ex4.s




ARM Macro Assembler    Page 2 Alphabetic symbol ordering
Relocatable symbols

7 symbols



ARM Macro Assembler    Page 1 Alphabetic symbol ordering
Relocatable symbols

dst 00000000

Symbol: dst
   Definitions
      At line 46 in file ex4.s
   Uses
      At line 13 in file ex4.s
Comment: dst used once
mydata 00000000

Symbol: mydata
   Definitions
      At line 45 in file ex4.s
   Uses
      None
Comment: mydata unused
2 symbols
344 symbols in table
