


ARM Macro Assembler    Page 1 


    1 00000000                 AREA             reset, data, READONLY
    2 00000000                 EXPORT           __Vectors
    3 00000000         __Vectors
    4 00000000 10001000        DCD              0x10001000  ; stack pointer val
                                                            ue when stack is em
                                                            pty
    5 00000004 00000000        DCD              Reset_Handler ; reset vector
    6 00000008                 ALIGN
    7 00000008                 AREA             MYCODE, CODE, READONLY
    8 00000000 00000001 
              00000002 
              00000003 
              00000004 
              00000005 
              00000006 
              00000007 
              00000008 
              00000009 
              0000000A src     DCD              1,2,3,4,5,6,7,8,9,10
    9 00000028                 ENTRY
   10 00000028                 EXPORT           Reset_Handler
   11 00000028         Reset_Handler
   12 00000028 F04F 000A       MOV              r0,#10
   13 0000002C 4905            LDR              r1,=dst
   14 0000002E 4A06            LDR              r2,=src
   15 00000030 F04F 0400       MOV              r4,#0
   16 00000034         loop
   17 00000034 F852 3B04       LDR              r3,[r2],#4
   18 00000038 441C            ADD              r4,r3
   19 0000003A 3801            SUBS             r0,#1
   20 0000003C D1FA            bne              loop
   21 0000003E 600C            STR              r4,[r1]
   22 00000040         STOP
   23 00000040 E7FE            B                STOP
   24 00000042 00 00 00000000 
              00000000         AREA             mydata, DATA, READWRITE
   25 00000000 00000000 
                       dst     DCD              0           ;dst location in da
                                                            ta memory
   26 00000004                 END
Command Line: --debug --xref --cpu=Cortex-M3 --apcs=interwork --depend=.\q1.d -
o.\q1.o -IC:\Keil\ARM\RV31\INC -IC:\Keil\ARM\CMSIS\Include -IC:\Keil\ARM\Inc\NX
P\LPC17xx --predefine="__EVAL SETA 1" --list=.\q1.lst "D:\A_210905187\Lab 2\q1.
s"



ARM Macro Assembler    Page 1 Alphabetic symbol ordering
Relocatable symbols

__Vectors 00000000

Symbol: __Vectors
   Definitions
      At line 3 in file D:\A_210905187\Lab
   Uses
      At line 2 in file D:\A_210905187\Lab
Comment: __Vectors used once
reset 00000000

Symbol: reset
   Definitions
      At line 1 in file D:\A_210905187\Lab
   Uses
      None
Comment: reset unused
2 symbols



ARM Macro Assembler    Page 1 Alphabetic symbol ordering
Relocatable symbols

MYCODE 00000000

Symbol: MYCODE
   Definitions
      At line 7 in file D:\A_210905187\Lab
   Uses
      None
Comment: MYCODE unused
Reset_Handler 00000028

Symbol: Reset_Handler
   Definitions
      At line 11 in file D:\A_210905187\Lab
   Uses
      At line 5 in file D:\A_210905187\Lab
      At line 10 in file D:\A_210905187\Lab

STOP 00000040

Symbol: STOP
   Definitions
      At line 22 in file D:\A_210905187\Lab
   Uses
      At line 23 in file D:\A_210905187\Lab
Comment: STOP used once
loop 00000034

Symbol: loop
   Definitions
      At line 16 in file D:\A_210905187\Lab
   Uses
      At line 20 in file D:\A_210905187\Lab
Comment: loop used once
src 00000000

Symbol: src
   Definitions
      At line 8 in file D:\A_210905187\Lab
   Uses
      At line 14 in file D:\A_210905187\Lab
Comment: src used once
5 symbols



ARM Macro Assembler    Page 1 Alphabetic symbol ordering
Relocatable symbols

dst 00000000

Symbol: dst
   Definitions
      At line 25 in file D:\A_210905187\Lab
   Uses
      At line 13 in file D:\A_210905187\Lab
Comment: dst used once
mydata 00000000

Symbol: mydata
   Definitions
      At line 24 in file D:\A_210905187\Lab
   Uses
      None
Comment: mydata unused
2 symbols
342 symbols in table
