


ARM Macro Assembler    Page 1 


    1 00000000                 AREA             RESET, DATA, READONLY
    2 00000000                 EXPORT           __Vectors
    3 00000000         __Vectors
    4 00000000 10001000        DCD              0x10001000  ; stack pointer val
                                                            ue when stack is em
                                                            pty
    5 00000004 00000000        DCD              Reset_Handler ; reset vector
    6 00000008                 ALIGN
    7 00000008                 AREA             mycode, CODE, READONLY
    8 00000000                 ENTRY
    9 00000000                 EXPORT           Reset_Handler
   10 00000000         
   11 00000000         Reset_Handler
   12 00000000 480D            LDR              R0,=SRC
   13 00000002 F04F 0401       LDR              r4,=1
   14 00000006 F04F 060A       mov              r6,#10
   15 0000000A F04F 0705       mov              r7,#5
   16 0000000E         
   17 0000000E F840 4B04 
                       st      str              r4,[r0],#4
   18 00000012 FB04 F407       mul              r4,r7
   19 00000016 3E01            subs             r6,#1
   20 00000018 D1F9            bne              st
   21 0000001A F1A0 0004       sub              r0,#4
   22 0000001E 4906            LDR              R1,=SRC
   23 00000020 F04F 0505       mov              r5,#5
   24 00000024         
   25 00000024 680A    up      ldr              r2,[r1]
   26 00000026 6803            ldr              r3,[r0]
   27 00000028 F840 2B04       str              r2,[r0],#4
   28 0000002C F844 3901       str              r3,[r4],#-1
   29 00000030 3D01            subs             r5,#1
   30 00000032 D1F7            bne              up
   31 00000034         
   32 00000034         STOP
   33 00000034 E7FE            B                STOP
   34 00000036 00 00 00000000 
              00000000         AREA             mydata,DATA,readwrite
   35 00000000 00000000 
                       SRC     DCD              0
   36 00000004                 END
Command Line: --debug --xref --cpu=Cortex-M3 --apcs=interwork --depend=.\q4.d -
o.\q4.o -IC:\Keil\ARM\RV31\INC -IC:\Keil\ARM\CMSIS\Include -IC:\Keil\ARM\Inc\NX
P\LPC17xx --predefine="__EVAL SETA 1" --list=.\q4.lst "D:\A_210905187\Lab 1\q4.
s"



ARM Macro Assembler    Page 1 Alphabetic symbol ordering
Relocatable symbols

RESET 00000000

Symbol: RESET
   Definitions
      At line 1 in file D:\A_210905187\Lab
   Uses
      None
Comment: RESET unused
__Vectors 00000000

Symbol: __Vectors
   Definitions
      At line 3 in file D:\A_210905187\Lab
   Uses
      At line 2 in file D:\A_210905187\Lab
Comment: __Vectors used once
2 symbols



ARM Macro Assembler    Page 1 Alphabetic symbol ordering
Relocatable symbols

Reset_Handler 00000000

Symbol: Reset_Handler
   Definitions
      At line 11 in file D:\A_210905187\Lab
   Uses
      At line 5 in file D:\A_210905187\Lab
      At line 9 in file D:\A_210905187\Lab

STOP 00000034

Symbol: STOP
   Definitions
      At line 32 in file D:\A_210905187\Lab
   Uses
      At line 33 in file D:\A_210905187\Lab
Comment: STOP used once
mycode 00000000

Symbol: mycode
   Definitions
      At line 7 in file D:\A_210905187\Lab
   Uses
      None
Comment: mycode unused
st 0000000E

Symbol: st
   Definitions
      At line 17 in file D:\A_210905187\Lab
   Uses
      At line 20 in file D:\A_210905187\Lab
Comment: st used once
up 00000024

Symbol: up
   Definitions
      At line 25 in file D:\A_210905187\Lab
   Uses
      At line 30 in file D:\A_210905187\Lab
Comment: up used once
5 symbols



ARM Macro Assembler    Page 1 Alphabetic symbol ordering
Relocatable symbols

SRC 00000000

Symbol: SRC
   Definitions
      At line 35 in file D:\A_210905187\Lab
   Uses
      At line 12 in file D:\A_210905187\Lab
      At line 22 in file D:\A_210905187\Lab

mydata 00000000

Symbol: mydata
   Definitions
      At line 34 in file D:\A_210905187\Lab
   Uses
      None
Comment: mydata unused
2 symbols
342 symbols in table
