


ARM Macro Assembler    Page 1 


    1 00000000                 AREA             RESET, DATA, READONLY
    2 00000000                 EXPORT           __Vectors
    3 00000000         __Vectors
    4 00000000         
    5 00000000 10001000        DCD              0X10001000
    6 00000004 00000000        DCD              Reset_Handler
    7 00000008                 ALIGN
    8 00000008                 AREA             mycode, CODE, READONLY
    9 00000000         ENTRY
   10 00000000                 EXPORT           Reset_Handler
   11 00000000         Reset_Handler
   12 00000000         
   13 00000000 F04F 000A       MOV              R0, #10
   14 00000004 F04F 0103       MOV              R1, #3
   15 00000008 EB00 0201       ADD              R2, R0, R1
   16 0000000C E7FE    STOP    B                STOP
   17 0000000E                 END
Command Line: --debug --xref --cpu=Cortex-M3 --apcs=interwork --depend=.\l1e.d 
-o.\l1e.o -IC:\Keil\ARM\RV31\INC -IC:\Keil\ARM\CMSIS\Include -IC:\Keil\ARM\Inc\
NXP\LPC17xx --predefine="__EVAL SETA 1" --list=.\l1e.lst l1e.s



ARM Macro Assembler    Page 1 Alphabetic symbol ordering
Relocatable symbols

RESET 00000000

Symbol: RESET
   Definitions
      At line 1 in file l1e.s
   Uses
      None
Comment: RESET unused
__Vectors 00000000

Symbol: __Vectors
   Definitions
      At line 3 in file l1e.s
   Uses
      At line 2 in file l1e.s
Comment: __Vectors used once
2 symbols



ARM Macro Assembler    Page 1 Alphabetic symbol ordering
Relocatable symbols

ENTRY 00000000

Symbol: ENTRY
   Definitions
      At line 9 in file l1e.s
   Uses
      None
Comment: ENTRY unused
Reset_Handler 00000000

Symbol: Reset_Handler
   Definitions
      At line 11 in file l1e.s
   Uses
      At line 6 in file l1e.s
      At line 10 in file l1e.s

STOP 0000000C

Symbol: STOP
   Definitions
      At line 16 in file l1e.s
   Uses
      At line 16 in file l1e.s
Comment: STOP used once
mycode 00000000

Symbol: mycode
   Definitions
      At line 8 in file l1e.s
   Uses
      None
Comment: mycode unused
4 symbols
337 symbols in table
